0 info it worked if it ends with ok
1 verbose cli [ '/usr/bin/nodejs',
1 verbose cli   '/usr/bin/npm',
1 verbose cli   'install',
1 verbose cli   '-save',
1 verbose cli   'express' ]
2 info using npm@3.5.2
3 info using node@v4.2.6
4 silly loadCurrentTree Starting
5 silly install loadCurrentTree
6 silly install readLocalPackageData
7 silly fetchPackageMetaData express
8 silly fetchNamedPackageData express
9 silly mapToRegistry name express
10 silly mapToRegistry using default registry
11 silly mapToRegistry registry https://registry.npmjs.org/
12 silly mapToRegistry uri https://registry.npmjs.org/express
13 verbose request uri https://registry.npmjs.org/express
14 verbose request no auth needed
15 info attempt registry request try #1 at 12:24:40
16 verbose request id 103980e2576abbf4
17 http request GET https://registry.npmjs.org/express
18 info retry will retry, error on last attempt: Error: connect ETIMEDOUT 151.101.36.162:443
19 info attempt registry request try #2 at 12:26:58
20 http request GET https://registry.npmjs.org/express
21 info retry will retry, error on last attempt: Error: connect ENETUNREACH 151.101.36.162:443
22 info attempt registry request try #3 at 12:28:05
23 http request GET https://registry.npmjs.org/express
24 silly fetchPackageMetaData Error: connect ENETUNREACH 151.101.36.162:443
24 silly fetchPackageMetaData     at Object.exports._errnoException (util.js:870:11)
24 silly fetchPackageMetaData     at exports._exceptionWithHostPort (util.js:893:20)
24 silly fetchPackageMetaData     at TCPConnectWrap.afterConnect [as oncomplete] (net.js:1063:14)
24 silly fetchPackageMetaData  error for express { [Error: connect ENETUNREACH 151.101.36.162:443]
24 silly fetchPackageMetaData   code: 'ENETUNREACH',
24 silly fetchPackageMetaData   errno: 'ENETUNREACH',
24 silly fetchPackageMetaData   syscall: 'connect',
24 silly fetchPackageMetaData   address: '151.101.36.162',
24 silly fetchPackageMetaData   port: 443 }
25 silly rollbackFailedOptional Starting
26 silly rollbackFailedOptional Finishing
27 silly runTopLevelLifecycles Starting
28 silly runTopLevelLifecycles Finishing
29 silly install printInstalled
30 verbose stack Error: connect ENETUNREACH 151.101.36.162:443
30 verbose stack     at Object.exports._errnoException (util.js:870:11)
30 verbose stack     at exports._exceptionWithHostPort (util.js:893:20)
30 verbose stack     at TCPConnectWrap.afterConnect [as oncomplete] (net.js:1063:14)
31 verbose cwd /home/antonio/Scrivania/tps
32 error Linux 4.4.0-31-generic
33 error argv "/usr/bin/nodejs" "/usr/bin/npm" "install" "-save" "express"
34 error node v4.2.6
35 error npm  v3.5.2
36 error code ENETUNREACH
37 error errno ENETUNREACH
38 error syscall connect
39 error connect ENETUNREACH 151.101.36.162:443
40 error If you need help, you may report this error at:
40 error     <https://github.com/npm/npm/issues>
41 verbose exit [ 1, true ]
